{
  "RSpec": {
    "coverage": {
      "/Users/mitchashby16/module_2/projects/jurassic_parka/spec/features/visitor_can_view_data_for_specific_item_spec.rb": [
        1,
        null,
        1,
        1,
        2,
        null,
        null,
        null,
        null,
        1,
        1,
        1,
        1,
        null,
        1,
        1,
        null,
        1,
        1,
        null,
        null,
        1,
        1,
        null,
        null,
        null,
        null
      ],
      "/Users/mitchashby16/module_2/projects/jurassic_parka/spec/rails_helper.rb": [
        null,
        1,
        1,
        null,
        1,
        1,
        1,
        null,
        null,
        null,
        null,
        null,
        null,
        null,
        null,
        null,
        null,
        null,
        null,
        null,
        null,
        null,
        null,
        null,
        null,
        null,
        1,
        null,
        1,
        null,
        1,
        null,
        null,
        null,
        null,
        1,
        null,
        null,
        null,
        null,
        null,
        null,
        null,
        null,
        null,
        null,
        null,
        null,
        null,
        null,
        1,
        null
      ],
      "/Users/mitchashby16/module_2/projects/jurassic_parka/config/environment.rb": [
        null,
        1,
        null,
        null,
        1
      ],
      "/Users/mitchashby16/module_2/projects/jurassic_parka/config/application.rb": [
        1,
        null,
        1,
        null,
        1,
        1,
        1,
        1,
        1,
        1,
        1,
        null,
        null,
        null,
        null,
        1,
        null,
        1,
        1,
        null,
        null,
        null,
        null,
        null,
        null,
        null,
        null,
        null,
        null,
        null,
        null,
        null,
        1,
        null,
        null
      ],
      "/Users/mitchashby16/module_2/projects/jurassic_parka/config/boot.rb": [
        1,
        null,
        1
      ],
      "/Users/mitchashby16/module_2/projects/jurassic_parka/config/environments/test.rb": [
        1,
        null,
        null,
        null,
        null,
        null,
        null,
        1,
        null,
        null,
        null,
        null,
        1,
        null,
        null,
        1,
        1,
        null,
        null,
        1,
        1,
        null,
        null,
        1,
        null,
        null,
        1,
        null,
        null,
        null,
        null,
        1,
        null,
        null,
        1,
        null,
        null,
        1,
        null,
        null,
        null,
        null
      ],
      "/Users/mitchashby16/module_2/projects/jurassic_parka/config/initializers/assets.rb": [
        null,
        null,
        null,
        1,
        1,
        null,
        null,
        null,
        null,
        null,
        null,
        null
      ],
      "/Users/mitchashby16/module_2/projects/jurassic_parka/config/initializers/backtrace_silencers.rb": [
        null,
        null,
        null,
        null,
        null,
        null,
        null
      ],
      "/Users/mitchashby16/module_2/projects/jurassic_parka/config/initializers/cookies_serializer.rb": [
        null,
        null,
        1
      ],
      "/Users/mitchashby16/module_2/projects/jurassic_parka/config/initializers/filter_parameter_logging.rb": [
        null,
        null,
        null,
        1
      ],
      "/Users/mitchashby16/module_2/projects/jurassic_parka/config/initializers/inflections.rb": [
        null,
        null,
        null,
        null,
        null,
        null,
        null,
        null,
        null,
        null,
        null,
        null,
        null,
        null,
        null,
        null
      ],
      "/Users/mitchashby16/module_2/projects/jurassic_parka/config/initializers/mime_types.rb": [
        null,
        null,
        null,
        null
      ],
      "/Users/mitchashby16/module_2/projects/jurassic_parka/config/initializers/session_store.rb": [
        null,
        null,
        1
      ],
      "/Users/mitchashby16/module_2/projects/jurassic_parka/config/initializers/wrap_parameters.rb": [
        null,
        null,
        null,
        null,
        null,
        null,
        1,
        1,
        null,
        null,
        null,
        null,
        null,
        null
      ],
      "/Users/mitchashby16/module_2/projects/jurassic_parka/config/routes.rb": [
        1,
        1,
        1,
        null
      ],
      "/Users/mitchashby16/module_2/projects/jurassic_parka/app/helpers/application_helper.rb": [
        1,
        null
      ],
      "/Users/mitchashby16/module_2/projects/jurassic_parka/spec/features/visitor_can_view_items_spec.rb": [
        1,
        null,
        1,
        1,
        2,
        null,
        null,
        null,
        1,
        1,
        null,
        1,
        1,
        1,
        1,
        1,
        null,
        null,
        null
      ],
      "/Users/mitchashby16/module_2/projects/jurassic_parka/spec/models/item_spec.rb": [
        1,
        null,
        1,
        1,
        4,
        null,
        null,
        null,
        1,
        1,
        null,
        null,
        1,
        1,
        null,
        null,
        1,
        1,
        null,
        null,
        null
      ],
      "/Users/mitchashby16/module_2/projects/jurassic_parka/app/models/item.rb": [
        1,
        null
      ],
      "/Users/mitchashby16/module_2/projects/jurassic_parka/app/controllers/items_controller.rb": [
        1,
        1,
        1,
        null,
        null,
        1,
        1,
        null,
        null,
        null
      ],
      "/Users/mitchashby16/module_2/projects/jurassic_parka/app/controllers/application_controller.rb": [
        1,
        null,
        null,
        1,
        null
      ]
    },
    "timestamp": 1438711308
  }
}
